[2026-04-16T20:00:47.567Z] USER:jarvis | ACTION:docker ps | STATUS:SUCCESS | DETAILS:Output length: 3352
[2026-04-16T20:04:27.949Z] USER:jarvis | ACTION:docker ps | STATUS:SUCCESS | DETAILS:Output length: 3352
[2026-04-16T20:08:50.173Z] USER:jarvis | ACTION:docker ps | STATUS:SUCCESS | DETAILS:Output length: 3352
[2026-04-16T20:12:44.648Z] USER:jarvis | ACTION:docker ps | STATUS:SUCCESS | DETAILS:Output length: 3352
[2026-04-16T20:16:32.578Z] USER:jarvis | ACTION:docker ps | STATUS:SUCCESS | DETAILS:Output length: 3352
[2026-04-16T20:20:47.114Z] USER:jarvis | ACTION:docker ps | STATUS:SUCCESS | DETAILS:Output length: 3394
[2026-04-16T20:25:58.937Z] USER:jarvis | ACTION:docker ps | STATUS:SUCCESS | DETAILS:Output length: 3394
[2026-04-16T20:30:40.211Z] USER:jarvis | ACTION:docker ps | STATUS:SUCCESS | DETAILS:Output length: 3394
[2026-04-16T20:30:59.069Z] USER:jarvis | ACTION:docker ps | STATUS:SUCCESS | DETAILS:Output length: 3394
[2026-04-16T20:31:16.810Z] USER:jarvis | ACTION:docker ps | STATUS:SUCCESS | DETAILS:Output length: 3394
[2026-04-16T20:31:31.706Z] USER:jarvis | ACTION:docker ps | STATUS:SUCCESS | DETAILS:Output length: 3394
[2026-04-16T20:31:49.326Z] USER:jarvis | ACTION:docker ps | STATUS:SUCCESS | DETAILS:Output length: 3394
[2026-04-16T20:32:07.804Z] USER:jarvis | ACTION:docker ps | STATUS:SUCCESS | DETAILS:Output length: 3394
[2026-04-16T20:32:22.787Z] USER:jarvis | ACTION:docker ps | STATUS:SUCCESS | DETAILS:Output length: 3394
[2026-04-16T20:32:38.450Z] USER:jarvis | ACTION:docker ps | STATUS:SUCCESS | DETAILS:Output length: 3394
[2026-04-16T20:32:52.642Z] USER:jarvis | ACTION:docker ps | STATUS:SUCCESS | DETAILS:Output length: 3394
[2026-04-16T20:33:09.168Z] USER:jarvis | ACTION:docker ps | STATUS:SUCCESS | DETAILS:Output length: 3394
[2026-04-16T20:33:23.831Z] USER:jarvis | ACTION:docker ps | STATUS:SUCCESS | DETAILS:Output length: 3394
[2026-04-16T20:33:54.651Z] USER:jarvis | ACTION:docker stats | STATUS:BLOCKED | DETAILS:Failed safety validation
[2026-04-16T20:34:12.679Z] USER:jarvis | ACTION:docker ps | STATUS:SUCCESS | DETAILS:Output length: 3394
[2026-04-16T20:38:21.006Z] USER:jarvis | ACTION:docker ps | STATUS:SUCCESS | DETAILS:Output length: 3394
[2026-04-16T20:38:35.106Z] USER:jarvis | ACTION:docker ps | STATUS:SUCCESS | DETAILS:Output length: 3394
[2026-04-16T20:38:48.540Z] USER:jarvis | ACTION:docker ps | STATUS:SUCCESS | DETAILS:Output length: 3394
[2026-04-16T20:39:01.671Z] USER:jarvis | ACTION:docker ps | STATUS:SUCCESS | DETAILS:Output length: 3394
[2026-04-16T20:39:14.724Z] USER:jarvis | ACTION:docker ps | STATUS:SUCCESS | DETAILS:Output length: 3394
[2026-04-16T20:39:28.310Z] USER:jarvis | ACTION:docker ps | STATUS:SUCCESS | DETAILS:Output length: 3394
[2026-04-16T20:39:41.647Z] USER:jarvis | ACTION:docker ps | STATUS:SUCCESS | DETAILS:Output length: 3394
[2026-04-16T20:39:55.635Z] USER:jarvis | ACTION:docker ps | STATUS:SUCCESS | DETAILS:Output length: 3394
[2026-04-16T20:40:10.624Z] USER:jarvis | ACTION:docker ps | STATUS:SUCCESS | DETAILS:Output length: 3394
[2026-04-16T20:40:25.466Z] USER:jarvis | ACTION:docker ps | STATUS:SUCCESS | DETAILS:Output length: 3394
[2026-04-16T20:59:41.135Z] USER:jarvis | ACTION:docker ps | STATUS:SUCCESS | DETAILS:Output length: 3310
[2026-04-16T20:59:54.370Z] USER:jarvis | ACTION:docker stats | STATUS:BLOCKED | DETAILS:Failed safety validation
[2026-04-16T21:12:36.821Z] USER:jarvis | ACTION:docker ps | STATUS:SUCCESS | DETAILS:Output length: 195
[2026-04-16T21:12:54.052Z] USER:jarvis | ACTION:docker stats | STATUS:BLOCKED | DETAILS:Failed safety validation
[2026-04-17T04:04:57.621Z] USER:jarvis | ACTION:docker ps | STATUS:SUCCESS | DETAILS:Output length: 195
[2026-04-17T04:05:12.061Z] USER:jarvis | ACTION:docker stats | STATUS:BLOCKED | DETAILS:Failed safety validation
[2026-04-17T05:37:11.312Z] USER:jarvis | ACTION:docker ps | STATUS:SUCCESS | DETAILS:Output length: 195
[2026-04-17T05:40:15.153Z] USER:jarvis | ACTION:docker ps | STATUS:SUCCESS | DETAILS:Output length: 195
[2026-04-17T06:36:49.928Z] USER:jarvis | ACTION:docker ps | STATUS:SUCCESS | DETAILS:Output length: 195
[2026-04-17T07:23:15.513Z] USER:jarvis | ACTION:docker ps | STATUS:SUCCESS | DETAILS:Output length: 195
[2026-04-17T09:14:15.383Z] USER:jarvis | ACTION:docker ps | STATUS:SUCCESS | DETAILS:Output length: 195
[2026-04-17T12:48:10.447Z] USER:jarvis | ACTION:docker ps | STATUS:SUCCESS | DETAILS:Output length: 195
[2026-04-17T13:25:19.429Z] USER:jarvis | ACTION:docker ps | STATUS:SUCCESS | DETAILS:Output length: 195
[2026-04-17T14:39:11.071Z] USER:jarvis | ACTION:remember: I prefer TypeScript strict mode for type safety... | STATUS:SUCCESS | DETAILS:topic:typescript
[2026-04-17T19:27:38.654Z] USER:jarvis | ACTION:remember: my favorite song is Deja Vu by J.Cole... | STATUS:SUCCESS | DETAILS:topic:personal
[2026-04-17T19:35:00.503Z] USER:jarvis | ACTION:remember: I prefer TypeScript strict mode... | STATUS:SUCCESS | DETAILS:topic:typescript
[2026-04-17T20:04:45.237Z] USER:jarvis | ACTION:remember: I prefer TypeScript strict mode... | STATUS:SUCCESS | DETAILS:topic:typescript
[2026-04-18T04:32:29.570Z] USER:jarvis | ACTION:remember: I prefer TypeScript Strict mode... | STATUS:SUCCESS | DETAILS:topic:typescript
[2026-04-19T11:48:00.391Z] USER:jarvis | ACTION:remember: My name is Mwei and my favourite song is Deja vu by J.Cole | STATUS:ERROR | DETAILS:Expected 768-dim vector, got 3072
[2026-04-23T11:13:32.110Z] USER:jarvis | ACTION:remember: My favourite color is blue | STATUS:ERROR | DETAILS:Expected 768-dim vector, got 3072
[2026-04-23T12:57:47.177Z] USER:jarvis | ACTION:remember: My favourite color is blue | STATUS:ERROR | DETAILS:Expected 768-dim vector, got 3072
[2026-04-23T13:40:17.729Z] USER:jarvis | ACTION:remember: My favourite color is blue... | STATUS:SUCCESS
[2026-04-27T18:59:01.079Z] USER:jarvis | ACTION:remember: Your favorite programming language is Rust... | STATUS:SUCCESS
